Arguments: 
  /Users/lisa/.nvm/versions/node/v8.11.1/bin/node /usr/local/Cellar/yarn/1.5.1_1/libexec/bin/yarn.js start

PATH: 
  /Users/lisa/.nvm/versions/node/v8.11.1/bin:/usr/local/bin:/usr/bin:/bin:/usr/sbin:/sbin:/usr/local/bin

Yarn version: 
  1.5.1

Node version: 
  8.11.1

Platform: 
  darwin x64

npm manifest: 
  {
    "name": "EBAY",
    "version": "1.0.0",
    "main": "target/index.js",
    "license": "MIT",
    "dependencies": {
      "@types/koa": "^2.0.45",
      "@types/koa-bodyparser": "^4.2.0",
      "@types/koa-multer": "^1.0.0",
      "@types/koa-router": "^7.0.27",
      "koa": "^2.5.0",
      "koa-bodyparser": "^4.2.0",
      "koa-multer": "^1.0.2",
      "koa-router": "^7.4.0",
      "routing-controllers": "^0.7.7"
    },
    "scripts": {
      "start": "node ."
    }
  }

yarn manifest: 
  No manifest

Lockfile: 
  No lockfile

Trace: 
  Error: Command failed.
  Exit code: 1
  Command: sh
  Arguments: -c node .
  Directory: /Users/lisa/Desktop/codaisseur/Advanced/EBAY/server
  Output:
  
      at ProcessTermError.MessageError (/usr/local/Cellar/yarn/1.5.1_1/libexec/lib/cli.js:186:110)
      at new ProcessTermError (/usr/local/Cellar/yarn/1.5.1_1/libexec/lib/cli.js:226:113)
      at ChildProcess.<anonymous> (/usr/local/Cellar/yarn/1.5.1_1/libexec/lib/cli.js:30281:17)
      at emitTwo (events.js:126:13)
      at ChildProcess.emit (events.js:214:7)
      at maybeClose (internal/child_process.js:925:16)
      at Process.ChildProcess._handle.onexit (internal/child_process.js:209:5)
